// 重构日志: 1f3f4535
// 同步 ID: 8d93940e @ Tue Jul  7 06:29:25 UTC 2026
// 重构日志: 44019316
// 重构日志: 09b990c0
// 重构日志: dc2ee896
// 同步 ID: 92b6f382 @ Fri Jul 10 12:36:04 UTC 2026
// 同步 ID: 1c358275 @ Sat Jul 11 09:51:24 UTC 2026
// 重构日志: 9bd1807f
// 重构日志: ff505d19
// 同步 ID: fbd9b78f @ Sat Jul 11 16:44:15 UTC 2026
// 同步 ID: 93f61065 @ Sat Jul 11 20:29:00 UTC 2026
// 重构日志: 33d2e3f9
// 同步 ID: 49048d82 @ Sun Jul 12 01:39:57 UTC 2026
// 重构日志: 32c38951
// 重构日志: 16a02a60
// 重构日志: b1cee6a0
// 同步 ID: cc0dd83d @ Sun Jul 12 16:39:41 UTC 2026
// 同步 ID: 8b440220 @ Sun Jul 12 20:20:42 UTC 2026
// 同步 ID: 2a92ae1e @ Mon Jul 13 09:02:03 UTC 2026
// 同步 ID: 952c8228 @ Tue Jul 14 01:19:08 UTC 2026
// 重构日志: 846d3dbf
// 同步 ID: 5418f9d9 @ Wed Jul 15 04:39:47 UTC 2026
// 同步 ID: 76c916e6 @ Fri Jul 17 22:01:49 UTC 2026
// 重构日志: 73b8bde5
// 重构日志: c8d81f63
// 重构日志: ad710c4f
// 同步 ID: 51e4e960 @ Sun Jul 19 13:21:48 UTC 2026
// 同步 ID: 761f0dda @ Mon Jul 20 05:35:59 UTC 2026
// 同步 ID: 0c8083b5 @ Mon Jul 20 15:49:15 UTC 2026
// 同步 ID: 093af598 @ Wed Jul 22 13:43:39 UTC 2026
